Thu Mar 10 09:38:33 BRT 2016 : Apache Derby Servidor de Rede - 10.10.2.0 - (1582446) iniciado e pronto para aceitar conexões na porta 1527 em {3}
----------------------------------------------------------------
Thu Mar 10 09:38:34 BRT 2016:
 Inicializando o Derby versão The Apache Software Foundation - Apache Derby - 10.10.2.0 - (1582446): instância a816c00e-0153-6089-2265-0000642434ef
no diretório de banco de dados C:\Temp\TesteJPA\db\testeJPA 

java.vendor=Oracle Corporation
java.runtime.version=1.8.0_40-b26
user.dir=C:\Program Files\GlassFish_Server\javadb
os.name=Windows 7
os.arch=amd64
os.version=6.1
derby.system.home=C:\Temp\TesteJPA\db
Carregador de classe do banco de dados iniciado - derby.database.classpath=''
----------------------------------------------------------------
Thu Mar 10 09:38:48 BRT 2016:
Encerrando a instância a816c00e-0153-6089-2265-0000642434ef
Thu Mar 10 09:38:48 BRT 2016 Thread[DRDAConnThread_2,5,main] (DATABASE = testeJPA), (DRDAID = {2}), Banco de dados 'testeJPA' fechado.
----------------------------------------------------------------
Thu Mar 10 09:38:51 BRT 2016:
 Inicializando o Derby versão The Apache Software Foundation - Apache Derby - 10.10.2.0 - (1582446): instância 560740aa-0153-6089-2265-0000642434ef
no diretório de banco de dados C:\Temp\TesteJPA\db\testeJPA 

java.vendor=Oracle Corporation
java.runtime.version=1.8.0_40-b26
user.dir=C:\Program Files\GlassFish_Server\javadb
os.name=Windows 7
os.arch=amd64
os.version=6.1
derby.system.home=C:\Temp\TesteJPA\db
Carregador de classe do banco de dados iniciado - derby.database.classpath=''
